TN:
SF:D:\git\perso\mattermost-sonar\src\encoder-mattermost.js
FN:6,EncoderMattermost
FNF:1
FNH:1
FNDA:2,EncoderMattermost
DA:1,1
DA:2,1
DA:3,1
DA:6,1
DA:7,2
DA:12,1
DA:13,2
DA:14,1
DA:16,1
DA:17,1
DA:18,1
DA:19,1
DA:21,1
DA:22,1
DA:23,1
DA:24,1
DA:25,1
DA:26,1
DA:27,1
DA:28,1
DA:32,1
LF:21
LH:21
BRDA:13,1,0,1
BRDA:13,1,1,1
BRDA:13,2,0,2
BRDA:13,2,1,2
BRDA:18,3,0,1
BRDA:18,3,1,0
BRF:6
BRH:5
end_of_record
TN:
SF:D:\git\perso\mattermost-sonar\src\transmitter-mattermost.js
FN:5,TransmitterMattermost
FN:14,(anonymous_2)
FN:20,(anonymous_3)
FN:21,(anonymous_4)
FN:24,(anonymous_5)
FNF:5
FNH:4
FNDA:4,TransmitterMattermost
FNDA:4,(anonymous_2)
FNDA:1,(anonymous_3)
FNDA:0,(anonymous_4)
FNDA:3,(anonymous_5)
DA:1,1
DA:2,1
DA:3,1
DA:5,1
DA:6,4
DA:7,4
DA:8,3
DA:10,4
DA:11,4
DA:14,1
DA:15,4
DA:16,2
DA:20,1
DA:21,1
DA:24,1
DA:25,3
DA:28,1
LF:17
LH:17
BRDA:7,1,0,3
BRDA:7,1,1,1
BRDA:15,2,0,2
BRDA:15,2,1,2
BRDA:15,3,0,4
BRDA:15,3,1,3
BRF:6
BRH:6
end_of_record
